{
"contracts/EITCrowdsale.sol":{"l":{"76":234,"77":234,"79":234,"80":234,"81":234,"83":234,"85":234,"86":234,"93":278,"94":273,"104":291,"105":290,"109":6,"119":241,"120":239,"121":1592,"122":1592,"123":1592,"130":8,"131":7,"132":7,"133":7,"134":7,"145":160,"146":160,"148":159,"149":159,"150":159,"160":240,"161":237,"163":233,"164":233,"166":233,"168":226,"174":33,"175":32,"176":30,"178":30,"180":30,"181":30,"183":30,"185":30,"189":263,"190":260,"191":256,"193":256,"194":256,"195":256,"197":254,"198":254,"199":252,"201":251,"202":251,"203":251,"205":251,"206":251,"208":251,"210":251,"211":59,"212":59,"214":59,"215":0,"218":59,"221":251,"231":29,"232":26,"233":26,"239":20,"241":19,"242":19,"244":16,"245":16,"247":16,"257":32,"258":32,"262":24,"264":23,"265":23,"266":15,"267":15,"270":23,"271":40,"272":40,"273":40,"274":7,"275":7,"277":40,"280":23,"282":23,"283":23,"284":23,"287":23,"297":15,"298":14,"299":14,"305":7,"310":6,"311":6,"315":6,"316":5,"324":251,"325":0,"326":0,"327":0,"332":0,"333":0,"336":0,"337":0,"338":0,"339":0,"340":0,"342":0,"351":233,"354":233,"355":233,"356":233,"358":233,"359":233,"361":233,"363":233,"371":15,"375":6},"path":"/Users/ramki/Desktop/eit-final-v2/eit-crowdsale-tests/contracts/EITCrowdsale.sol","s":{"1":234,"2":234,"3":234,"4":234,"5":0,"6":278,"7":291,"8":290,"9":6,"10":241,"11":239,"12":1592,"13":8,"14":7,"15":7,"16":160,"17":160,"18":159,"19":240,"20":237,"21":233,"22":233,"23":233,"24":33,"25":32,"26":30,"27":30,"28":30,"29":30,"30":30,"31":263,"32":260,"33":256,"34":256,"35":256,"36":256,"37":254,"38":254,"39":252,"40":251,"41":251,"42":59,"43":59,"44":251,"45":29,"46":26,"47":20,"48":19,"49":19,"50":16,"51":16,"52":32,"53":24,"54":23,"55":23,"56":15,"57":23,"58":40,"59":40,"60":40,"61":7,"62":23,"63":23,"64":15,"65":14,"66":7,"67":6,"68":6,"69":6,"70":5,"71":251,"72":0,"73":0,"74":0,"75":0,"76":0,"77":0,"78":0,"79":0,"80":0,"81":233,"82":233,"83":233,"84":233,"85":233,"86":233,"87":233,"88":233,"89":15,"90":6},"b":{"1":[234,0],"2":[234,0],"3":[273,5],"4":[291,2],"5":[290,1],"6":[241,1],"7":[239,2],"8":[8,1],"9":[7,1],"10":[160,1],"11":[160,0],"12":[159,1],"13":[248,0],"14":[244,4],"15":[240,4],"16":[237,3],"17":[233,4],"18":[35,0],"19":[34,1],"20":[33,1],"21":[32,1],"22":[30,2],"23":[30,0],"24":[260,3],"25":[256,4],"26":[256,0],"27":[256,0],"28":[254,2],"29":[252,2],"30":[251,1],"31":[59,192],"32":[0,59],"33":[29,1],"34":[26,3],"35":[21,0],"36":[20,1],"37":[19,1],"38":[16,3],"39":[32,1],"40":[32,0],"41":[24,0],"42":[23,1],"43":[15,8],"44":[7,33],"45":[15,2],"46":[14,1],"47":[7,0],"48":[6,1],"49":[6,0],"50":[5,1],"51":[5,1],"52":[0,0],"53":[0,0],"54":[233,0],"55":[233,0],"56":[233,0],"57":[233,0],"58":[15,2],"59":[6,1]},"f":{"1":234,"2":0,"3":278,"4":291,"5":6,"6":241,"7":8,"8":160,"9":240,"10":33,"11":263,"12":29,"13":20,"14":32,"15":24,"16":15,"17":7,"18":251,"19":0,"20":233,"21":15,"22":6},"fnMap":{"1":{"name":"constructor","line":70,"loc":{"start":{"line":70,"column":4},"end":{"line":87,"column":4}}},"2":{"name":null,"line":90,"loc":{"start":{"line":90,"column":4},"end":{"line":90,"column":65}}},"3":{"name":"onlyWhitelisted","line":92,"loc":{"start":{"line":92,"column":4},"end":{"line":95,"column":4}}},"4":{"name":"addPhase","line":102,"loc":{"start":{"line":101,"column":4},"end":{"line":106,"column":4}}},"5":{"name":"getPhaseCount","line":108,"loc":{"start":{"line":108,"column":4},"end":{"line":110,"column":4}}},"6":{"name":"addToWhitelist","line":117,"loc":{"start":{"line":116,"column":4},"end":{"line":125,"column":4}}},"7":{"name":"removeFromWhitelist","line":128,"loc":{"start":{"line":127,"column":4},"end":{"line":136,"column":4}}},"8":{"name":"addStablecoin","line":143,"loc":{"start":{"line":142,"column":4},"end":{"line":151,"column":4}}},"9":{"name":"buyWithNative","line":158,"loc":{"start":{"line":157,"column":4},"end":{"line":169,"column":4}}},"10":{"name":"buyWithStablecoin","line":172,"loc":{"start":{"line":171,"column":4},"end":{"line":186,"column":4}}},"11":{"name":"_processPurchase","line":188,"loc":{"start":{"line":188,"column":4},"end":{"line":222,"column":4}}},"12":{"name":"enablePhaseClaim","line":229,"loc":{"start":{"line":228,"column":4},"end":{"line":234,"column":4}}},"13":{"name":"claimPhase","line":237,"loc":{"start":{"line":236,"column":4},"end":{"line":248,"column":4}}},"14":{"name":"enableRefunds","line":255,"loc":{"start":{"line":254,"column":4},"end":{"line":259,"column":4}}},"15":{"name":"claimRefund","line":261,"loc":{"start":{"line":261,"column":4},"end":{"line":288,"column":4}}},"16":{"name":"finalizeSale","line":295,"loc":{"start":{"line":294,"column":4},"end":{"line":300,"column":4}}},"17":{"name":"withdrawUnsoldTokens","line":303,"loc":{"start":{"line":302,"column":4},"end":{"line":317,"column":4}}},"18":{"name":"_checkMilestoneRelease","line":323,"loc":{"start":{"line":323,"column":4},"end":{"line":329,"column":4}}},"19":{"name":"_releaseFunds","line":331,"loc":{"start":{"line":331,"column":4},"end":{"line":344,"column":4}}},"20":{"name":"_getOraclePrice","line":350,"loc":{"start":{"line":350,"column":4},"end":{"line":364,"column":4}}},"21":{"name":"pause","line":370,"loc":{"start":{"line":370,"column":4},"end":{"line":372,"column":4}}},"22":{"name":"unpause","line":374,"loc":{"start":{"line":374,"column":4},"end":{"line":376,"column":4}}}},"statementMap":{"1":{"start":{"line":76,"column":8},"end":{"line":76,"column":36}},"2":{"start":{"line":77,"column":8},"end":{"line":77,"column":39}},"3":{"start":{"line":85,"column":8},"end":{"line":85,"column":44}},"4":{"start":{"line":86,"column":8},"end":{"line":86,"column":39}},"5":{"start":{"line":90,"column":34},"end":{"line":90,"column":62}},"6":{"start":{"line":93,"column":8},"end":{"line":93,"column":60}},"7":{"start":{"line":104,"column":8},"end":{"line":104,"column":45}},"8":{"start":{"line":105,"column":8},"end":{"line":105,"column":56}},"9":{"start":{"line":109,"column":8},"end":{"line":109,"column":28}},"10":{"start":{"line":119,"column":8},"end":{"line":119,"column":55}},"11":{"start":{"line":120,"column":8},"end":{"line":120,"column":4028}},"12":{"start":{"line":122,"column":12},"end":{"line":122,"column":49}},"13":{"start":{"line":130,"column":8},"end":{"line":130,"column":55}},"14":{"start":{"line":131,"column":8},"end":{"line":131,"column":4381}},"15":{"start":{"line":133,"column":12},"end":{"line":133,"column":50}},"16":{"start":{"line":145,"column":8},"end":{"line":145,"column":43}},"17":{"start":{"line":146,"column":8},"end":{"line":146,"column":30}},"18":{"start":{"line":150,"column":8},"end":{"line":150,"column":33}},"19":{"start":{"line":160,"column":8},"end":{"line":160,"column":45}},"20":{"start":{"line":161,"column":8},"end":{"line":161,"column":44}},"21":{"start":{"line":163,"column":8},"end":{"line":163,"column":41}},"22":{"start":{"line":164,"column":8},"end":{"line":164,"column":53}},"23":{"start":{"line":166,"column":8},"end":{"line":166,"column":47}},"24":{"start":{"line":174,"column":8},"end":{"line":174,"column":44}},"25":{"start":{"line":175,"column":8},"end":{"line":175,"column":45}},"26":{"start":{"line":176,"column":8},"end":{"line":176,"column":44}},"27":{"start":{"line":178,"column":8},"end":{"line":178,"column":78}},"28":{"start":{"line":180,"column":8},"end":{"line":180,"column":51}},"29":{"start":{"line":181,"column":8},"end":{"line":181,"column":54}},"30":{"start":{"line":185,"column":8},"end":{"line":185,"column":47}},"31":{"start":{"line":189,"column":8},"end":{"line":189,"column":44}},"32":{"start":{"line":190,"column":8},"end":{"line":190,"column":71}},"33":{"start":{"line":191,"column":8},"end":{"line":191,"column":53}},"34":{"start":{"line":193,"column":8},"end":{"line":193,"column":46}},"35":{"start":{"line":194,"column":8},"end":{"line":194,"column":29}},"36":{"start":{"line":195,"column":8},"end":{"line":195,"column":53}},"37":{"start":{"line":197,"column":8},"end":{"line":197,"column":55}},"38":{"start":{"line":198,"column":8},"end":{"line":198,"column":38}},"39":{"start":{"line":199,"column":8},"end":{"line":199,"column":74}},"40":{"start":{"line":208,"column":8},"end":{"line":208,"column":72}},"41":{"start":{"line":210,"column":8},"end":{"line":210,"column":7075}},"42":{"start":{"line":212,"column":12},"end":{"line":212,"column":45}},"43":{"start":{"line":214,"column":12},"end":{"line":214,"column":7206}},"44":{"start":{"line":221,"column":8},"end":{"line":221,"column":31}},"45":{"start":{"line":231,"column":8},"end":{"line":231,"column":42}},"46":{"start":{"line":233,"column":8},"end":{"line":233,"column":39}},"47":{"start":{"line":239,"column":8},"end":{"line":239,"column":42}},"48":{"start":{"line":241,"column":8},"end":{"line":241,"column":60}},"49":{"start":{"line":242,"column":8},"end":{"line":242,"column":26}},"50":{"start":{"line":245,"column":8},"end":{"line":245,"column":45}},"51":{"start":{"line":247,"column":8},"end":{"line":247,"column":55}},"52":{"start":{"line":257,"column":8},"end":{"line":257,"column":41}},"53":{"start":{"line":262,"column":8},"end":{"line":262,"column":48}},"54":{"start":{"line":264,"column":8},"end":{"line":264,"column":54}},"55":{"start":{"line":265,"column":8},"end":{"line":265,"column":8632}},"56":{"start":{"line":267,"column":12},"end":{"line":267,"column":50}},"57":{"start":{"line":270,"column":8},"end":{"line":270,"column":8769}},"58":{"start":{"line":271,"column":12},"end":{"line":271,"column":37}},"59":{"start":{"line":272,"column":12},"end":{"line":272,"column":58}},"60":{"start":{"line":273,"column":12},"end":{"line":273,"column":8927}},"61":{"start":{"line":275,"column":16},"end":{"line":275,"column":54}},"62":{"start":{"line":282,"column":8},"end":{"line":282,"column":9152}},"63":{"start":{"line":287,"column":8},"end":{"line":287,"column":38}},"64":{"start":{"line":297,"column":8},"end":{"line":297,"column":48}},"65":{"start":{"line":299,"column":8},"end":{"line":299,"column":28}},"66":{"start":{"line":305,"column":8},"end":{"line":305,"column":9765}},"67":{"start":{"line":310,"column":8},"end":{"line":310,"column":56}},"68":{"start":{"line":311,"column":8},"end":{"line":311,"column":9952}},"69":{"start":{"line":315,"column":8},"end":{"line":315,"column":29}},"70":{"start":{"line":316,"column":8},"end":{"line":316,"column":46}},"71":{"start":{"line":324,"column":8},"end":{"line":324,"column":10331}},"72":{"start":{"line":326,"column":12},"end":{"line":326,"column":26}},"73":{"start":{"line":327,"column":12},"end":{"line":327,"column":48}},"74":{"start":{"line":332,"column":8},"end":{"line":332,"column":10589}},"75":{"start":{"line":333,"column":12},"end":{"line":333,"column":60}},"76":{"start":{"line":336,"column":8},"end":{"line":336,"column":10704}},"77":{"start":{"line":337,"column":12},"end":{"line":337,"column":44}},"78":{"start":{"line":338,"column":12},"end":{"line":338,"column":52}},"79":{"start":{"line":339,"column":12},"end":{"line":339,"column":10863}},"80":{"start":{"line":340,"column":16},"end":{"line":340,"column":44}},"81":{"start":{"line":351,"column":8},"end":{"line":351,"column":11211}},"82":{"start":{"line":354,"column":8},"end":{"line":354,"column":25}},"83":{"start":{"line":355,"column":8},"end":{"line":355,"column":56}},"84":{"start":{"line":356,"column":8},"end":{"line":356,"column":42}},"85":{"start":{"line":358,"column":8},"end":{"line":358,"column":37}},"86":{"start":{"line":359,"column":8},"end":{"line":359,"column":64}},"87":{"start":{"line":361,"column":8},"end":{"line":361,"column":74}},"88":{"start":{"line":363,"column":8},"end":{"line":363,"column":25}},"89":{"start":{"line":371,"column":8},"end":{"line":371,"column":15}},"90":{"start":{"line":375,"column":8},"end":{"line":375,"column":17}}},"branchMap":{"1":{"line":76,"type":"if","locations":[{"start":{"line":76,"column":8},"end":{"line":76,"column":8}},{"start":{"line":76,"column":8},"end":{"line":76,"column":8}}]},"2":{"line":77,"type":"if","locations":[{"start":{"line":77,"column":8},"end":{"line":77,"column":8}},{"start":{"line":77,"column":8},"end":{"line":77,"column":8}}]},"3":{"line":93,"type":"if","locations":[{"start":{"line":93,"column":8},"end":{"line":93,"column":8}},{"start":{"line":93,"column":8},"end":{"line":93,"column":8}}]},"4":{"line":102,"type":"if","locations":[{"start":{"line":102,"column":17},"end":{"line":102,"column":17}},{"start":{"line":102,"column":17},"end":{"line":102,"column":17}}]},"5":{"line":104,"type":"if","locations":[{"start":{"line":104,"column":8},"end":{"line":104,"column":8}},{"start":{"line":104,"column":8},"end":{"line":104,"column":8}}]},"6":{"line":117,"type":"if","locations":[{"start":{"line":117,"column":17},"end":{"line":117,"column":17}},{"start":{"line":117,"column":17},"end":{"line":117,"column":17}}]},"7":{"line":119,"type":"if","locations":[{"start":{"line":119,"column":8},"end":{"line":119,"column":8}},{"start":{"line":119,"column":8},"end":{"line":119,"column":8}}]},"8":{"line":128,"type":"if","locations":[{"start":{"line":128,"column":17},"end":{"line":128,"column":17}},{"start":{"line":128,"column":17},"end":{"line":128,"column":17}}]},"9":{"line":130,"type":"if","locations":[{"start":{"line":130,"column":8},"end":{"line":130,"column":8}},{"start":{"line":130,"column":8},"end":{"line":130,"column":8}}]},"10":{"line":143,"type":"if","locations":[{"start":{"line":143,"column":17},"end":{"line":143,"column":17}},{"start":{"line":143,"column":17},"end":{"line":143,"column":17}}]},"11":{"line":145,"type":"if","locations":[{"start":{"line":145,"column":8},"end":{"line":145,"column":8}},{"start":{"line":145,"column":8},"end":{"line":145,"column":8}}]},"12":{"line":146,"type":"if","locations":[{"start":{"line":146,"column":8},"end":{"line":146,"column":8}},{"start":{"line":146,"column":8},"end":{"line":146,"column":8}}]},"13":{"line":158,"type":"if","locations":[{"start":{"line":158,"column":25},"end":{"line":158,"column":25}},{"start":{"line":158,"column":25},"end":{"line":158,"column":25}}]},"14":{"line":158,"type":"if","locations":[{"start":{"line":158,"column":38},"end":{"line":158,"column":38}},{"start":{"line":158,"column":38},"end":{"line":158,"column":38}}]},"15":{"line":158,"type":"if","locations":[{"start":{"line":158,"column":52},"end":{"line":158,"column":52}},{"start":{"line":158,"column":52},"end":{"line":158,"column":52}}]},"16":{"line":160,"type":"if","locations":[{"start":{"line":160,"column":8},"end":{"line":160,"column":8}},{"start":{"line":160,"column":8},"end":{"line":160,"column":8}}]},"17":{"line":161,"type":"if","locations":[{"start":{"line":161,"column":8},"end":{"line":161,"column":8}},{"start":{"line":161,"column":8},"end":{"line":161,"column":8}}]},"18":{"line":172,"type":"if","locations":[{"start":{"line":172,"column":17},"end":{"line":172,"column":17}},{"start":{"line":172,"column":17},"end":{"line":172,"column":17}}]},"19":{"line":172,"type":"if","locations":[{"start":{"line":172,"column":30},"end":{"line":172,"column":30}},{"start":{"line":172,"column":30},"end":{"line":172,"column":30}}]},"20":{"line":172,"type":"if","locations":[{"start":{"line":172,"column":44},"end":{"line":172,"column":44}},{"start":{"line":172,"column":44},"end":{"line":172,"column":44}}]},"21":{"line":174,"type":"if","locations":[{"start":{"line":174,"column":8},"end":{"line":174,"column":8}},{"start":{"line":174,"column":8},"end":{"line":174,"column":8}}]},"22":{"line":175,"type":"if","locations":[{"start":{"line":175,"column":8},"end":{"line":175,"column":8}},{"start":{"line":175,"column":8},"end":{"line":175,"column":8}}]},"23":{"line":176,"type":"if","locations":[{"start":{"line":176,"column":8},"end":{"line":176,"column":8}},{"start":{"line":176,"column":8},"end":{"line":176,"column":8}}]},"24":{"line":189,"type":"if","locations":[{"start":{"line":189,"column":8},"end":{"line":189,"column":8}},{"start":{"line":189,"column":8},"end":{"line":189,"column":8}}]},"25":{"line":190,"type":"if","locations":[{"start":{"line":190,"column":8},"end":{"line":190,"column":8}},{"start":{"line":190,"column":8},"end":{"line":190,"column":8}}]},"26":{"line":191,"type":"if","locations":[{"start":{"line":191,"column":8},"end":{"line":191,"column":8}},{"start":{"line":191,"column":8},"end":{"line":191,"column":8}}]},"27":{"line":194,"type":"if","locations":[{"start":{"line":194,"column":8},"end":{"line":194,"column":8}},{"start":{"line":194,"column":8},"end":{"line":194,"column":8}}]},"28":{"line":195,"type":"if","locations":[{"start":{"line":195,"column":8},"end":{"line":195,"column":8}},{"start":{"line":195,"column":8},"end":{"line":195,"column":8}}]},"29":{"line":198,"type":"if","locations":[{"start":{"line":198,"column":8},"end":{"line":198,"column":8}},{"start":{"line":198,"column":8},"end":{"line":198,"column":8}}]},"30":{"line":199,"type":"if","locations":[{"start":{"line":199,"column":8},"end":{"line":199,"column":8}},{"start":{"line":199,"column":8},"end":{"line":199,"column":8}}]},"31":{"line":210,"type":"if","locations":[{"start":{"line":210,"column":8},"end":{"line":210,"column":8}},{"start":{"line":210,"column":8},"end":{"line":210,"column":8}}]},"32":{"line":214,"type":"if","locations":[{"start":{"line":214,"column":12},"end":{"line":214,"column":12}},{"start":{"line":214,"column":12},"end":{"line":214,"column":12}}]},"33":{"line":229,"type":"if","locations":[{"start":{"line":229,"column":17},"end":{"line":229,"column":17}},{"start":{"line":229,"column":17},"end":{"line":229,"column":17}}]},"34":{"line":231,"type":"if","locations":[{"start":{"line":231,"column":8},"end":{"line":231,"column":8}},{"start":{"line":231,"column":8},"end":{"line":231,"column":8}}]},"35":{"line":237,"type":"if","locations":[{"start":{"line":237,"column":17},"end":{"line":237,"column":17}},{"start":{"line":237,"column":17},"end":{"line":237,"column":17}}]},"36":{"line":237,"type":"if","locations":[{"start":{"line":237,"column":30},"end":{"line":237,"column":30}},{"start":{"line":237,"column":30},"end":{"line":237,"column":30}}]},"37":{"line":239,"type":"if","locations":[{"start":{"line":239,"column":8},"end":{"line":239,"column":8}},{"start":{"line":239,"column":8},"end":{"line":239,"column":8}}]},"38":{"line":242,"type":"if","locations":[{"start":{"line":242,"column":8},"end":{"line":242,"column":8}},{"start":{"line":242,"column":8},"end":{"line":242,"column":8}}]},"39":{"line":255,"type":"if","locations":[{"start":{"line":255,"column":17},"end":{"line":255,"column":17}},{"start":{"line":255,"column":17},"end":{"line":255,"column":17}}]},"40":{"line":257,"type":"if","locations":[{"start":{"line":257,"column":8},"end":{"line":257,"column":8}},{"start":{"line":257,"column":8},"end":{"line":257,"column":8}}]},"41":{"line":261,"type":"if","locations":[{"start":{"line":261,"column":36},"end":{"line":261,"column":36}},{"start":{"line":261,"column":36},"end":{"line":261,"column":36}}]},"42":{"line":262,"type":"if","locations":[{"start":{"line":262,"column":8},"end":{"line":262,"column":8}},{"start":{"line":262,"column":8},"end":{"line":262,"column":8}}]},"43":{"line":265,"type":"if","locations":[{"start":{"line":265,"column":8},"end":{"line":265,"column":8}},{"start":{"line":265,"column":8},"end":{"line":265,"column":8}}]},"44":{"line":273,"type":"if","locations":[{"start":{"line":273,"column":12},"end":{"line":273,"column":12}},{"start":{"line":273,"column":12},"end":{"line":273,"column":12}}]},"45":{"line":295,"type":"if","locations":[{"start":{"line":295,"column":17},"end":{"line":295,"column":17}},{"start":{"line":295,"column":17},"end":{"line":295,"column":17}}]},"46":{"line":297,"type":"if","locations":[{"start":{"line":297,"column":8},"end":{"line":297,"column":8}},{"start":{"line":297,"column":8},"end":{"line":297,"column":8}}]},"47":{"line":303,"type":"if","locations":[{"start":{"line":303,"column":17},"end":{"line":303,"column":17}},{"start":{"line":303,"column":17},"end":{"line":303,"column":17}}]},"48":{"line":305,"type":"if","locations":[{"start":{"line":305,"column":8},"end":{"line":305,"column":8}},{"start":{"line":305,"column":8},"end":{"line":305,"column":8}}]},"49":{"line":306,"type":"cond-expr","locations":[{"start":{"line":306,"column":12},"end":{"line":306,"column":43}},{"start":{"line":307,"column":12},"end":{"line":307,"column":43}}]},"50":{"line":312,"type":"if","locations":[{"start":{"line":312,"column":14},"end":{"line":312,"column":38}},{"start":{"line":313,"column":14},"end":{"line":313,"column":14}}]},"51":{"line":315,"type":"if","locations":[{"start":{"line":315,"column":8},"end":{"line":315,"column":8}},{"start":{"line":315,"column":8},"end":{"line":315,"column":8}}]},"52":{"line":332,"type":"if","locations":[{"start":{"line":332,"column":8},"end":{"line":332,"column":8}},{"start":{"line":332,"column":8},"end":{"line":332,"column":8}}]},"53":{"line":339,"type":"if","locations":[{"start":{"line":339,"column":12},"end":{"line":339,"column":12}},{"start":{"line":339,"column":12},"end":{"line":339,"column":12}}]},"54":{"line":354,"type":"if","locations":[{"start":{"line":354,"column":8},"end":{"line":354,"column":8}},{"start":{"line":354,"column":8},"end":{"line":354,"column":8}}]},"55":{"line":355,"type":"if","locations":[{"start":{"line":355,"column":8},"end":{"line":355,"column":8}},{"start":{"line":355,"column":8},"end":{"line":355,"column":8}}]},"56":{"line":356,"type":"if","locations":[{"start":{"line":356,"column":8},"end":{"line":356,"column":8}},{"start":{"line":356,"column":8},"end":{"line":356,"column":8}}]},"57":{"line":361,"type":"if","locations":[{"start":{"line":361,"column":8},"end":{"line":361,"column":8}},{"start":{"line":361,"column":8},"end":{"line":361,"column":8}}]},"58":{"line":370,"type":"if","locations":[{"start":{"line":370,"column":30},"end":{"line":370,"column":30}},{"start":{"line":370,"column":30},"end":{"line":370,"column":30}}]},"59":{"line":374,"type":"if","locations":[{"start":{"line":374,"column":32},"end":{"line":374,"column":32}},{"start":{"line":374,"column":32},"end":{"line":374,"column":32}}]}}},
"contracts/EITDistributor.sol":{"l":{"36":0,"37":0,"38":0,"40":0,"41":0,"44":0,"45":0,"47":0,"50":0,"51":0,"52":0,"56":0,"63":0,"64":0,"65":0,"67":0,"68":0},"path":"/Users/ramki/Desktop/eit-final-v2/eit-crowdsale-tests/contracts/EITDistributor.sol","s":{"1":0,"2":0,"3":0,"4":0,"5":0,"6":0,"7":0,"8":0,"9":0,"10":0,"11":0,"12":0,"13":0,"14":0,"15":0,"16":0},"b":{"1":[0,0],"2":[0,0],"3":[0,0],"4":[0,0],"5":[0,0],"6":[0,0],"7":[0,0],"8":[0,0],"9":[0,0]},"f":{"1":0,"2":0,"3":0},"fnMap":{"1":{"name":"constructor","line":23,"loc":{"start":{"line":23,"column":4},"end":{"line":23,"column":39}}},"2":{"name":"distribute","line":35,"loc":{"start":{"line":31,"column":4},"end":{"line":57,"column":4}}},"3":{"name":"withdrawEmergency","line":62,"loc":{"start":{"line":62,"column":4},"end":{"line":69,"column":4}}}},"statementMap":{"1":{"start":{"line":36,"column":8},"end":{"line":36,"column":70}},"2":{"start":{"line":37,"column":8},"end":{"line":37,"column":54}},"3":{"start":{"line":38,"column":8},"end":{"line":38,"column":80}},"4":{"start":{"line":40,"column":8},"end":{"line":40,"column":43}},"5":{"start":{"line":41,"column":8},"end":{"line":41,"column":31}},"6":{"start":{"line":44,"column":8},"end":{"line":44,"column":1580}},"7":{"start":{"line":47,"column":8},"end":{"line":47,"column":92}},"8":{"start":{"line":50,"column":8},"end":{"line":50,"column":1808}},"9":{"start":{"line":51,"column":12},"end":{"line":51,"column":1874}},"10":{"start":{"line":52,"column":16},"end":{"line":52,"column":60}},"11":{"start":{"line":56,"column":8},"end":{"line":56,"column":77}},"12":{"start":{"line":63,"column":8},"end":{"line":63,"column":43}},"13":{"start":{"line":64,"column":8},"end":{"line":64,"column":56}},"14":{"start":{"line":65,"column":8},"end":{"line":65,"column":50}},"15":{"start":{"line":67,"column":8},"end":{"line":67,"column":46}},"16":{"start":{"line":68,"column":8},"end":{"line":68,"column":55}}},"branchMap":{"1":{"line":35,"type":"if","locations":[{"start":{"line":35,"column":15},"end":{"line":35,"column":15}},{"start":{"line":35,"column":15},"end":{"line":35,"column":15}}]},"2":{"line":35,"type":"if","locations":[{"start":{"line":35,"column":28},"end":{"line":35,"column":28}},{"start":{"line":35,"column":28},"end":{"line":35,"column":28}}]},"3":{"line":36,"type":"if","locations":[{"start":{"line":36,"column":8},"end":{"line":36,"column":8}},{"start":{"line":36,"column":8},"end":{"line":36,"column":8}}]},"4":{"line":37,"type":"if","locations":[{"start":{"line":37,"column":8},"end":{"line":37,"column":8}},{"start":{"line":37,"column":8},"end":{"line":37,"column":8}}]},"5":{"line":38,"type":"if","locations":[{"start":{"line":38,"column":8},"end":{"line":38,"column":8}},{"start":{"line":38,"column":8},"end":{"line":38,"column":8}}]},"6":{"line":47,"type":"if","locations":[{"start":{"line":47,"column":8},"end":{"line":47,"column":8}},{"start":{"line":47,"column":8},"end":{"line":47,"column":8}}]},"7":{"line":51,"type":"if","locations":[{"start":{"line":51,"column":12},"end":{"line":51,"column":12}},{"start":{"line":51,"column":12},"end":{"line":51,"column":12}}]},"8":{"line":62,"type":"if","locations":[{"start":{"line":62,"column":62},"end":{"line":62,"column":62}},{"start":{"line":62,"column":62},"end":{"line":62,"column":62}}]},"9":{"line":65,"type":"if","locations":[{"start":{"line":65,"column":8},"end":{"line":65,"column":8}},{"start":{"line":65,"column":8},"end":{"line":65,"column":8}}]}}},
"contracts/EITPlatformManager.sol":{"l":{"46":0,"47":0,"48":0,"50":0,"51":0,"54":0,"55":0,"57":0,"58":0,"69":0,"72":0,"73":0,"74":0,"77":0,"78":0,"81":0,"82":0,"85":0,"88":0,"89":0,"92":0,"98":0,"99":0,"101":0,"102":0,"104":0,"110":0,"111":0,"112":0,"117":0,"118":0,"119":0,"123":0,"127":0},"path":"/Users/ramki/Desktop/eit-final-v2/eit-crowdsale-tests/contracts/EITPlatformManager.sol","s":{"1":0,"2":0,"3":0,"4":0,"5":0,"6":0,"7":0,"8":0,"9":0,"10":0,"11":0,"12":0,"13":0,"14":0,"15":0,"16":0,"17":0,"18":0,"19":0,"20":0,"21":0,"22":0,"23":0,"24":0,"25":0},"b":{"1":[0,0],"2":[0,0],"3":[0,0],"4":[0,0],"5":[0,0],"6":[0,0],"7":[0,0],"8":[0,0],"9":[0,0],"10":[0,0],"11":[0,0],"12":[0,0],"13":[0,0],"14":[0,0],"15":[0,0],"16":[0,0],"17":[0,0]},"f":{"1":0,"2":0,"3":0,"4":0,"5":0,"6":0,"7":0},"fnMap":{"1":{"name":"constructor","line":44,"loc":{"start":{"line":44,"column":4},"end":{"line":59,"column":4}}},"2":{"name":"processRevenueBatch","line":67,"loc":{"start":{"line":64,"column":4},"end":{"line":93,"column":4}}},"3":{"name":"getRemainingDailyLimit","line":97,"loc":{"start":{"line":97,"column":4},"end":{"line":105,"column":4}}},"4":{"name":"updateTreasury","line":109,"loc":{"start":{"line":109,"column":4},"end":{"line":113,"column":4}}},"5":{"name":"setDailyLimit","line":115,"loc":{"start":{"line":115,"column":4},"end":{"line":120,"column":4}}},"6":{"name":"pause","line":122,"loc":{"start":{"line":122,"column":4},"end":{"line":124,"column":4}}},"7":{"name":"unpause","line":126,"loc":{"start":{"line":126,"column":4},"end":{"line":128,"column":4}}}},"statementMap":{"1":{"start":{"line":46,"column":8},"end":{"line":46,"column":53}},"2":{"start":{"line":47,"column":8},"end":{"line":47,"column":66}},"3":{"start":{"line":48,"column":8},"end":{"line":48,"column":53}},"4":{"start":{"line":57,"column":8},"end":{"line":57,"column":45}},"5":{"start":{"line":58,"column":8},"end":{"line":58,"column":40}},"6":{"start":{"line":69,"column":8},"end":{"line":69,"column":48}},"7":{"start":{"line":72,"column":8},"end":{"line":72,"column":2469}},"8":{"start":{"line":77,"column":8},"end":{"line":77,"column":85}},"9":{"start":{"line":81,"column":8},"end":{"line":81,"column":45}},"10":{"start":{"line":82,"column":8},"end":{"line":82,"column":45}},"11":{"start":{"line":85,"column":8},"end":{"line":85,"column":62}},"12":{"start":{"line":88,"column":8},"end":{"line":88,"column":3010}},"13":{"start":{"line":89,"column":12},"end":{"line":89,"column":70}},"14":{"start":{"line":92,"column":8},"end":{"line":92,"column":78}},"15":{"start":{"line":98,"column":8},"end":{"line":98,"column":3316}},"16":{"start":{"line":99,"column":12},"end":{"line":99,"column":32}},"17":{"start":{"line":101,"column":8},"end":{"line":101,"column":3417}},"18":{"start":{"line":102,"column":12},"end":{"line":102,"column":20}},"19":{"start":{"line":104,"column":8},"end":{"line":104,"column":50}},"20":{"start":{"line":110,"column":8},"end":{"line":110,"column":61}},"21":{"start":{"line":111,"column":8},"end":{"line":111,"column":71}},"22":{"start":{"line":117,"column":8},"end":{"line":117,"column":75}},"23":{"start":{"line":118,"column":8},"end":{"line":118,"column":68}},"24":{"start":{"line":123,"column":8},"end":{"line":123,"column":15}},"25":{"start":{"line":127,"column":8},"end":{"line":127,"column":17}}},"branchMap":{"1":{"line":46,"type":"if","locations":[{"start":{"line":46,"column":8},"end":{"line":46,"column":8}},{"start":{"line":46,"column":8},"end":{"line":46,"column":8}}]},"2":{"line":47,"type":"if","locations":[{"start":{"line":47,"column":8},"end":{"line":47,"column":8}},{"start":{"line":47,"column":8},"end":{"line":47,"column":8}}]},"3":{"line":48,"type":"if","locations":[{"start":{"line":48,"column":8},"end":{"line":48,"column":8}},{"start":{"line":48,"column":8},"end":{"line":48,"column":8}}]},"4":{"line":66,"type":"if","locations":[{"start":{"line":66,"column":8},"end":{"line":66,"column":8}},{"start":{"line":66,"column":8},"end":{"line":66,"column":8}}]},"5":{"line":67,"type":"if","locations":[{"start":{"line":67,"column":8},"end":{"line":67,"column":8}},{"start":{"line":67,"column":8},"end":{"line":67,"column":8}}]},"6":{"line":69,"type":"if","locations":[{"start":{"line":69,"column":8},"end":{"line":69,"column":8}},{"start":{"line":69,"column":8},"end":{"line":69,"column":8}}]},"7":{"line":72,"type":"if","locations":[{"start":{"line":72,"column":8},"end":{"line":72,"column":8}},{"start":{"line":72,"column":8},"end":{"line":72,"column":8}}]},"8":{"line":77,"type":"if","locations":[{"start":{"line":77,"column":8},"end":{"line":77,"column":8}},{"start":{"line":77,"column":8},"end":{"line":77,"column":8}}]},"9":{"line":88,"type":"if","locations":[{"start":{"line":88,"column":8},"end":{"line":88,"column":8}},{"start":{"line":88,"column":8},"end":{"line":88,"column":8}}]},"10":{"line":98,"type":"if","locations":[{"start":{"line":98,"column":8},"end":{"line":98,"column":8}},{"start":{"line":98,"column":8},"end":{"line":98,"column":8}}]},"11":{"line":101,"type":"if","locations":[{"start":{"line":101,"column":8},"end":{"line":101,"column":8}},{"start":{"line":101,"column":8},"end":{"line":101,"column":8}}]},"12":{"line":109,"type":"if","locations":[{"start":{"line":109,"column":59},"end":{"line":109,"column":59}},{"start":{"line":109,"column":59},"end":{"line":109,"column":59}}]},"13":{"line":110,"type":"if","locations":[{"start":{"line":110,"column":8},"end":{"line":110,"column":8}},{"start":{"line":110,"column":8},"end":{"line":110,"column":8}}]},"14":{"line":115,"type":"if","locations":[{"start":{"line":115,"column":55},"end":{"line":115,"column":55}},{"start":{"line":115,"column":55},"end":{"line":115,"column":55}}]},"15":{"line":117,"type":"if","locations":[{"start":{"line":117,"column":8},"end":{"line":117,"column":8}},{"start":{"line":117,"column":8},"end":{"line":117,"column":8}}]},"16":{"line":122,"type":"if","locations":[{"start":{"line":122,"column":30},"end":{"line":122,"column":30}},{"start":{"line":122,"column":30},"end":{"line":122,"column":30}}]},"17":{"line":126,"type":"if","locations":[{"start":{"line":126,"column":32},"end":{"line":126,"column":32}},{"start":{"line":126,"column":32},"end":{"line":126,"column":32}}]}}},
"contracts/EITVestingVault.sol":{"l":{"33":0,"44":0,"45":0,"47":0,"57":0,"61":0,"62":0,"63":0,"64":0,"66":0,"67":0,"69":0,"73":0,"74":0,"75":0,"77":0,"78":0,"80":0,"84":0,"85":0,"87":0,"88":0,"89":0,"91":0,"92":0,"93":0,"97":0,"98":0,"100":0,"101":0,"103":0,"104":0,"107":0,"108":0,"110":0,"114":0,"115":0,"116":0,"118":0},"path":"/Users/ramki/Desktop/eit-final-v2/eit-crowdsale-tests/contracts/EITVestingVault.sol","s":{"1":0,"2":0,"3":0,"4":0,"5":0,"6":0,"7":0,"8":0,"9":0,"10":0,"11":0,"12":0,"13":0,"14":0,"15":0,"16":0,"17":0,"18":0,"19":0,"20":0,"21":0,"22":0,"23":0,"24":0,"25":0,"26":0,"27":0,"28":0,"29":0,"30":0,"31":0,"32":0,"33":0},"b":{"1":[0,0],"2":[0,0],"3":[0,0],"4":[0,0],"5":[0,0],"6":[0,0],"7":[0,0],"8":[0,0],"9":[0,0],"10":[0,0],"11":[0,0],"12":[0,0],"13":[0,0],"14":[0,0],"15":[0,0],"16":[0,0],"17":[0,0],"18":[0,0],"19":[0,0],"20":[0,0],"21":[0,0]},"f":{"1":0,"2":0,"3":0,"4":0,"5":0,"6":0,"7":0},"fnMap":{"1":{"name":"constructor","line":32,"loc":{"start":{"line":32,"column":4},"end":{"line":34,"column":4}}},"2":{"name":"createVestingSchedule","line":43,"loc":{"start":{"line":36,"column":4},"end":{"line":58,"column":4}}},"3":{"name":"changeBeneficiary","line":60,"loc":{"start":{"line":60,"column":4},"end":{"line":70,"column":4}}},"4":{"name":"transferMySchedule","line":72,"loc":{"start":{"line":72,"column":4},"end":{"line":81,"column":4}}},"5":{"name":"claim","line":83,"loc":{"start":{"line":83,"column":4},"end":{"line":94,"column":4}}},"6":{"name":"revoke","line":96,"loc":{"start":{"line":96,"column":4},"end":{"line":111,"column":4}}},"7":{"name":"_calculateVestedAmount","line":113,"loc":{"start":{"line":113,"column":4},"end":{"line":119,"column":4}}}},"statementMap":{"1":{"start":{"line":44,"column":8},"end":{"line":44,"column":82}},"2":{"start":{"line":45,"column":8},"end":{"line":45,"column":87}},"3":{"start":{"line":57,"column":8},"end":{"line":57,"column":51}},"4":{"start":{"line":61,"column":8},"end":{"line":61,"column":57}},"5":{"start":{"line":62,"column":8},"end":{"line":62,"column":69}},"6":{"start":{"line":63,"column":8},"end":{"line":63,"column":78}},"7":{"start":{"line":64,"column":8},"end":{"line":64,"column":86}},"8":{"start":{"line":69,"column":8},"end":{"line":69,"column":47}},"9":{"start":{"line":73,"column":8},"end":{"line":73,"column":57}},"10":{"start":{"line":74,"column":8},"end":{"line":74,"column":75}},"11":{"start":{"line":75,"column":8},"end":{"line":75,"column":78}},"12":{"start":{"line":80,"column":8},"end":{"line":80,"column":53}},"13":{"start":{"line":84,"column":8},"end":{"line":84,"column":71}},"14":{"start":{"line":85,"column":8},"end":{"line":85,"column":80}},"15":{"start":{"line":87,"column":8},"end":{"line":87,"column":59}},"16":{"start":{"line":88,"column":8},"end":{"line":88,"column":59}},"17":{"start":{"line":89,"column":8},"end":{"line":89,"column":49}},"18":{"start":{"line":92,"column":8},"end":{"line":92,"column":48}},"19":{"start":{"line":93,"column":8},"end":{"line":93,"column":49}},"20":{"start":{"line":97,"column":8},"end":{"line":97,"column":73}},"21":{"start":{"line":98,"column":8},"end":{"line":98,"column":76}},"22":{"start":{"line":100,"column":8},"end":{"line":100,"column":61}},"23":{"start":{"line":101,"column":8},"end":{"line":101,"column":59}},"24":{"start":{"line":103,"column":8},"end":{"line":103,"column":3914}},"25":{"start":{"line":104,"column":12},"end":{"line":104,"column":54}},"26":{"start":{"line":107,"column":8},"end":{"line":107,"column":57}},"27":{"start":{"line":110,"column":8},"end":{"line":110,"column":53}},"28":{"start":{"line":114,"column":8},"end":{"line":114,"column":65}},"29":{"start":{"line":115,"column":8},"end":{"line":115,"column":69}},"30":{"start":{"line":115,"column":61},"end":{"line":115,"column":69}},"31":{"start":{"line":116,"column":8},"end":{"line":116,"column":99}},"32":{"start":{"line":116,"column":79},"end":{"line":116,"column":99}},"33":{"start":{"line":118,"column":8},"end":{"line":118,"column":84}}},"branchMap":{"1":{"line":43,"type":"if","locations":[{"start":{"line":43,"column":15},"end":{"line":43,"column":15}},{"start":{"line":43,"column":15},"end":{"line":43,"column":15}}]},"2":{"line":44,"type":"if","locations":[{"start":{"line":44,"column":8},"end":{"line":44,"column":8}},{"start":{"line":44,"column":8},"end":{"line":44,"column":8}}]},"3":{"line":45,"type":"if","locations":[{"start":{"line":45,"column":8},"end":{"line":45,"column":8}},{"start":{"line":45,"column":8},"end":{"line":45,"column":8}}]},"4":{"line":60,"type":"if","locations":[{"start":{"line":60,"column":68},"end":{"line":60,"column":68}},{"start":{"line":60,"column":68},"end":{"line":60,"column":68}}]},"5":{"line":61,"type":"if","locations":[{"start":{"line":61,"column":8},"end":{"line":61,"column":8}},{"start":{"line":61,"column":8},"end":{"line":61,"column":8}}]},"6":{"line":62,"type":"if","locations":[{"start":{"line":62,"column":8},"end":{"line":62,"column":8}},{"start":{"line":62,"column":8},"end":{"line":62,"column":8}}]},"7":{"line":63,"type":"if","locations":[{"start":{"line":63,"column":8},"end":{"line":63,"column":8}},{"start":{"line":63,"column":8},"end":{"line":63,"column":8}}]},"8":{"line":64,"type":"if","locations":[{"start":{"line":64,"column":8},"end":{"line":64,"column":8}},{"start":{"line":64,"column":8},"end":{"line":64,"column":8}}]},"9":{"line":72,"type":"if","locations":[{"start":{"line":72,"column":55},"end":{"line":72,"column":55}},{"start":{"line":72,"column":55},"end":{"line":72,"column":55}}]},"10":{"line":73,"type":"if","locations":[{"start":{"line":73,"column":8},"end":{"line":73,"column":8}},{"start":{"line":73,"column":8},"end":{"line":73,"column":8}}]},"11":{"line":74,"type":"if","locations":[{"start":{"line":74,"column":8},"end":{"line":74,"column":8}},{"start":{"line":74,"column":8},"end":{"line":74,"column":8}}]},"12":{"line":75,"type":"if","locations":[{"start":{"line":75,"column":8},"end":{"line":75,"column":8}},{"start":{"line":75,"column":8},"end":{"line":75,"column":8}}]},"13":{"line":83,"type":"if","locations":[{"start":{"line":83,"column":30},"end":{"line":83,"column":30}},{"start":{"line":83,"column":30},"end":{"line":83,"column":30}}]},"14":{"line":85,"type":"if","locations":[{"start":{"line":85,"column":8},"end":{"line":85,"column":8}},{"start":{"line":85,"column":8},"end":{"line":85,"column":8}}]},"15":{"line":89,"type":"if","locations":[{"start":{"line":89,"column":8},"end":{"line":89,"column":8}},{"start":{"line":89,"column":8},"end":{"line":89,"column":8}}]},"16":{"line":96,"type":"if","locations":[{"start":{"line":96,"column":51},"end":{"line":96,"column":51}},{"start":{"line":96,"column":51},"end":{"line":96,"column":51}}]},"17":{"line":98,"type":"if","locations":[{"start":{"line":98,"column":8},"end":{"line":98,"column":8}},{"start":{"line":98,"column":8},"end":{"line":98,"column":8}}]},"18":{"line":103,"type":"if","locations":[{"start":{"line":103,"column":8},"end":{"line":103,"column":8}},{"start":{"line":103,"column":8},"end":{"line":103,"column":8}}]},"19":{"line":115,"type":"if","locations":[{"start":{"line":115,"column":8},"end":{"line":115,"column":8}},{"start":{"line":115,"column":8},"end":{"line":115,"column":8}}]},"20":{"line":116,"type":"if","locations":[{"start":{"line":116,"column":8},"end":{"line":116,"column":8}},{"start":{"line":116,"column":8},"end":{"line":116,"column":8}}]},"21":{"line":116,"type":"cond-expr","locations":[{"start":{"line":116,"column":12},"end":{"line":116,"column":61}},{"start":{"line":116,"column":66},"end":{"line":116,"column":76}}]}}},
"contracts/EnsureInsuredToken.sol":{"l":{"26":234,"27":234,"30":234,"34":0,"38":0,"46":488},"path":"/Users/ramki/Desktop/eit-final-v2/eit-crowdsale-tests/contracts/EnsureInsuredToken.sol","s":{"1":234,"2":234,"3":234,"4":0,"5":0,"6":488},"b":{"1":[0,0],"2":[0,0]},"f":{"1":234,"2":0,"3":0,"4":488},"fnMap":{"1":{"name":"constructor","line":24,"loc":{"start":{"line":22,"column":4},"end":{"line":31,"column":4}}},"2":{"name":"pause","line":33,"loc":{"start":{"line":33,"column":4},"end":{"line":35,"column":4}}},"3":{"name":"unpause","line":37,"loc":{"start":{"line":37,"column":4},"end":{"line":39,"column":4}}},"4":{"name":"_update","line":42,"loc":{"start":{"line":42,"column":4},"end":{"line":47,"column":4}}}},"statementMap":{"1":{"start":{"line":26,"column":8},"end":{"line":26,"column":51}},"2":{"start":{"line":27,"column":8},"end":{"line":27,"column":38}},"3":{"start":{"line":30,"column":8},"end":{"line":30,"column":38}},"4":{"start":{"line":34,"column":8},"end":{"line":34,"column":15}},"5":{"start":{"line":38,"column":8},"end":{"line":38,"column":17}},"6":{"start":{"line":46,"column":8},"end":{"line":46,"column":37}}},"branchMap":{"1":{"line":33,"type":"if","locations":[{"start":{"line":33,"column":28},"end":{"line":33,"column":28}},{"start":{"line":33,"column":28},"end":{"line":33,"column":28}}]},"2":{"line":37,"type":"if","locations":[{"start":{"line":37,"column":30},"end":{"line":37,"column":30}},{"start":{"line":37,"column":30},"end":{"line":37,"column":30}}]}}},
"contracts/MockOracle.sol":{"l":{"22":226,"23":226,"32":233,"36":0,"40":0,"45":0,"51":233},"path":"/Users/ramki/Desktop/eit-final-v2/eit-crowdsale-tests/contracts/MockOracle.sol","s":{"1":226,"2":226,"3":233,"4":0,"5":0,"6":0,"7":233},"b":{"1":[226,0],"2":[226,0]},"f":{"1":226,"2":233,"3":0,"4":0,"5":0,"6":233},"fnMap":{"1":{"name":"constructor","line":21,"loc":{"start":{"line":21,"column":4},"end":{"line":27,"column":4}}},"2":{"name":"decimals","line":31,"loc":{"start":{"line":31,"column":4},"end":{"line":33,"column":4}}},"3":{"name":"description","line":35,"loc":{"start":{"line":35,"column":4},"end":{"line":37,"column":4}}},"4":{"name":"version","line":39,"loc":{"start":{"line":39,"column":4},"end":{"line":41,"column":4}}},"5":{"name":"getRoundData","line":43,"loc":{"start":{"line":43,"column":4},"end":{"line":46,"column":4}}},"6":{"name":"latestRoundData","line":48,"loc":{"start":{"line":48,"column":4},"end":{"line":52,"column":4}}}},"statementMap":{"1":{"start":{"line":22,"column":8},"end":{"line":22,"column":35}},"2":{"start":{"line":23,"column":8},"end":{"line":23,"column":606}},"3":{"start":{"line":32,"column":8},"end":{"line":32,"column":16}},"4":{"start":{"line":36,"column":8},"end":{"line":36,"column":32}},"5":{"start":{"line":40,"column":8},"end":{"line":40,"column":16}},"6":{"start":{"line":45,"column":8},"end":{"line":45,"column":69}},"7":{"start":{"line":51,"column":8},"end":{"line":51,"column":69}}},"branchMap":{"1":{"line":23,"type":"if","locations":[{"start":{"line":23,"column":8},"end":{"line":23,"column":8}},{"start":{"line":23,"column":8},"end":{"line":23,"column":8}}]},"2":{"line":24,"type":"cond-expr","locations":[{"start":{"line":24,"column":12},"end":{"line":24,"column":23}},{"start":{"line":24,"column":28},"end":{"line":24,"column":42}}]}}},
"contracts/MockUSDT.sol":{"l":{"18":192,"19":192,"25":192,"30":0,"35":0},"path":"/Users/ramki/Desktop/eit-final-v2/eit-crowdsale-tests/contracts/MockUSDT.sol","s":{"1":192,"2":192,"3":192,"4":0,"5":0},"b":{"1":[192,0],"2":[192,0]},"f":{"1":192,"2":0,"3":0},"fnMap":{"1":{"name":"constructor","line":14,"loc":{"start":{"line":14,"column":4},"end":{"line":26,"column":4}}},"2":{"name":"decimals","line":29,"loc":{"start":{"line":29,"column":4},"end":{"line":31,"column":4}}},"3":{"name":"faucet","line":34,"loc":{"start":{"line":34,"column":4},"end":{"line":36,"column":4}}}},"statementMap":{"1":{"start":{"line":18,"column":8},"end":{"line":18,"column":35}},"2":{"start":{"line":19,"column":8},"end":{"line":19,"column":604}},"3":{"start":{"line":25,"column":8},"end":{"line":25,"column":47}},"4":{"start":{"line":30,"column":8},"end":{"line":30,"column":16}},"5":{"start":{"line":35,"column":8},"end":{"line":35,"column":38}}},"branchMap":{"1":{"line":19,"type":"if","locations":[{"start":{"line":19,"column":8},"end":{"line":19,"column":8}},{"start":{"line":19,"column":8},"end":{"line":19,"column":8}}]},"2":{"line":20,"type":"cond-expr","locations":[{"start":{"line":20,"column":12},"end":{"line":20,"column":23}},{"start":{"line":20,"column":28},"end":{"line":20,"column":42}}]}}}}
