TN:
SF:/Users/ramki/Desktop/eit-final-v2/eit-crowdsale-tests/contracts/EITCrowdsale.sol
FN:70,constructor
FN:90,
FN:92,onlyWhitelisted
FN:102,addPhase
FN:108,getPhaseCount
FN:117,addToWhitelist
FN:128,removeFromWhitelist
FN:143,addStablecoin
FN:158,buyWithNative
FN:172,buyWithStablecoin
FN:188,_processPurchase
FN:229,enablePhaseClaim
FN:237,claimPhase
FN:255,enableRefunds
FN:261,claimRefund
FN:295,finalizeSale
FN:303,withdrawUnsoldTokens
FN:323,_checkMilestoneRelease
FN:331,_releaseFunds
FN:350,_getOraclePrice
FN:370,pause
FN:374,unpause
FNF:22
FNH:20
FNDA:234,constructor
FNDA:0,
FNDA:278,onlyWhitelisted
FNDA:291,addPhase
FNDA:6,getPhaseCount
FNDA:241,addToWhitelist
FNDA:8,removeFromWhitelist
FNDA:160,addStablecoin
FNDA:240,buyWithNative
FNDA:33,buyWithStablecoin
FNDA:263,_processPurchase
FNDA:29,enablePhaseClaim
FNDA:20,claimPhase
FNDA:32,enableRefunds
FNDA:24,claimRefund
FNDA:15,finalizeSale
FNDA:7,withdrawUnsoldTokens
FNDA:251,_checkMilestoneRelease
FNDA:0,_releaseFunds
FNDA:233,_getOraclePrice
FNDA:15,pause
FNDA:6,unpause
DA:76,234
DA:77,234
DA:79,234
DA:80,234
DA:81,234
DA:83,234
DA:85,234
DA:86,234
DA:93,278
DA:94,273
DA:104,291
DA:105,290
DA:109,6
DA:119,241
DA:120,239
DA:121,1592
DA:122,1592
DA:123,1592
DA:130,8
DA:131,7
DA:132,7
DA:133,7
DA:134,7
DA:145,160
DA:146,160
DA:148,159
DA:149,159
DA:150,159
DA:160,240
DA:161,237
DA:163,233
DA:164,233
DA:166,233
DA:168,226
DA:174,33
DA:175,32
DA:176,30
DA:178,30
DA:180,30
DA:181,30
DA:183,30
DA:185,30
DA:189,263
DA:190,260
DA:191,256
DA:193,256
DA:194,256
DA:195,256
DA:197,254
DA:198,254
DA:199,252
DA:201,251
DA:202,251
DA:203,251
DA:205,251
DA:206,251
DA:208,251
DA:210,251
DA:211,59
DA:212,59
DA:214,59
DA:215,0
DA:218,59
DA:221,251
DA:231,29
DA:232,26
DA:233,26
DA:239,20
DA:241,19
DA:242,19
DA:244,16
DA:245,16
DA:247,16
DA:257,32
DA:258,32
DA:262,24
DA:264,23
DA:265,23
DA:266,15
DA:267,15
DA:270,23
DA:271,40
DA:272,40
DA:273,40
DA:274,7
DA:275,7
DA:277,40
DA:280,23
DA:282,23
DA:283,23
DA:284,23
DA:287,23
DA:297,15
DA:298,14
DA:299,14
DA:305,7
DA:310,6
DA:311,6
DA:315,6
DA:316,5
DA:324,251
DA:325,0
DA:326,0
DA:327,0
DA:332,0
DA:333,0
DA:336,0
DA:337,0
DA:338,0
DA:339,0
DA:340,0
DA:342,0
DA:351,233
DA:354,233
DA:355,233
DA:356,233
DA:358,233
DA:359,233
DA:361,233
DA:363,233
DA:371,15
DA:375,6
LF:122
LH:110
BRDA:76,1,0,234
BRDA:76,1,1,0
BRDA:77,2,0,234
BRDA:77,2,1,0
BRDA:93,3,0,273
BRDA:93,3,1,5
BRDA:102,4,0,291
BRDA:102,4,1,2
BRDA:104,5,0,290
BRDA:104,5,1,1
BRDA:117,6,0,241
BRDA:117,6,1,1
BRDA:119,7,0,239
BRDA:119,7,1,2
BRDA:128,8,0,8
BRDA:128,8,1,1
BRDA:130,9,0,7
BRDA:130,9,1,1
BRDA:143,10,0,160
BRDA:143,10,1,1
BRDA:145,11,0,160
BRDA:145,11,1,0
BRDA:146,12,0,159
BRDA:146,12,1,1
BRDA:158,13,0,248
BRDA:158,13,1,0
BRDA:158,14,0,244
BRDA:158,14,1,4
BRDA:158,15,0,240
BRDA:158,15,1,4
BRDA:160,16,0,237
BRDA:160,16,1,3
BRDA:161,17,0,233
BRDA:161,17,1,4
BRDA:172,18,0,35
BRDA:172,18,1,0
BRDA:172,19,0,34
BRDA:172,19,1,1
BRDA:172,20,0,33
BRDA:172,20,1,1
BRDA:174,21,0,32
BRDA:174,21,1,1
BRDA:175,22,0,30
BRDA:175,22,1,2
BRDA:176,23,0,30
BRDA:176,23,1,0
BRDA:189,24,0,260
BRDA:189,24,1,3
BRDA:190,25,0,256
BRDA:190,25,1,4
BRDA:191,26,0,256
BRDA:191,26,1,0
BRDA:194,27,0,256
BRDA:194,27,1,0
BRDA:195,28,0,254
BRDA:195,28,1,2
BRDA:198,29,0,252
BRDA:198,29,1,2
BRDA:199,30,0,251
BRDA:199,30,1,1
BRDA:210,31,0,59
BRDA:210,31,1,192
BRDA:214,32,0,0
BRDA:214,32,1,59
BRDA:229,33,0,29
BRDA:229,33,1,1
BRDA:231,34,0,26
BRDA:231,34,1,3
BRDA:237,35,0,21
BRDA:237,35,1,0
BRDA:237,36,0,20
BRDA:237,36,1,1
BRDA:239,37,0,19
BRDA:239,37,1,1
BRDA:242,38,0,16
BRDA:242,38,1,3
BRDA:255,39,0,32
BRDA:255,39,1,1
BRDA:257,40,0,32
BRDA:257,40,1,0
BRDA:261,41,0,24
BRDA:261,41,1,0
BRDA:262,42,0,23
BRDA:262,42,1,1
BRDA:265,43,0,15
BRDA:265,43,1,8
BRDA:273,44,0,7
BRDA:273,44,1,33
BRDA:295,45,0,15
BRDA:295,45,1,2
BRDA:297,46,0,14
BRDA:297,46,1,1
BRDA:303,47,0,7
BRDA:303,47,1,0
BRDA:305,48,0,6
BRDA:305,48,1,1
BRDA:306,49,0,6
BRDA:306,49,1,0
BRDA:312,50,0,5
BRDA:312,50,1,1
BRDA:315,51,0,5
BRDA:315,51,1,1
BRDA:332,52,0,0
BRDA:332,52,1,0
BRDA:339,53,0,0
BRDA:339,53,1,0
BRDA:354,54,0,233
BRDA:354,54,1,0
BRDA:355,55,0,233
BRDA:355,55,1,0
BRDA:356,56,0,233
BRDA:356,56,1,0
BRDA:361,57,0,233
BRDA:361,57,1,0
BRDA:370,58,0,15
BRDA:370,58,1,2
BRDA:374,59,0,6
BRDA:374,59,1,1
BRF:118
BRH:96
end_of_record
TN:
SF:/Users/ramki/Desktop/eit-final-v2/eit-crowdsale-tests/contracts/EITDistributor.sol
FN:23,constructor
FN:35,distribute
FN:62,withdrawEmergency
FNF:3
FNH:0
FNDA:0,constructor
FNDA:0,distribute
FNDA:0,withdrawEmergency
DA:36,0
DA:37,0
DA:38,0
DA:40,0
DA:41,0
DA:44,0
DA:45,0
DA:47,0
DA:50,0
DA:51,0
DA:52,0
DA:56,0
DA:63,0
DA:64,0
DA:65,0
DA:67,0
DA:68,0
LF:17
LH:0
BRDA:35,1,0,0
BRDA:35,1,1,0
BRDA:35,2,0,0
BRDA:35,2,1,0
BRDA:36,3,0,0
BRDA:36,3,1,0
BRDA:37,4,0,0
BRDA:37,4,1,0
BRDA:38,5,0,0
BRDA:38,5,1,0
BRDA:47,6,0,0
BRDA:47,6,1,0
BRDA:51,7,0,0
BRDA:51,7,1,0
BRDA:62,8,0,0
BRDA:62,8,1,0
BRDA:65,9,0,0
BRDA:65,9,1,0
BRF:18
BRH:0
end_of_record
TN:
SF:/Users/ramki/Desktop/eit-final-v2/eit-crowdsale-tests/contracts/EITPlatformManager.sol
FN:44,constructor
FN:67,processRevenueBatch
FN:97,getRemainingDailyLimit
FN:109,updateTreasury
FN:115,setDailyLimit
FN:122,pause
FN:126,unpause
FNF:7
FNH:0
FNDA:0,constructor
FNDA:0,processRevenueBatch
FNDA:0,getRemainingDailyLimit
FNDA:0,updateTreasury
FNDA:0,setDailyLimit
FNDA:0,pause
FNDA:0,unpause
DA:46,0
DA:47,0
DA:48,0
DA:50,0
DA:51,0
DA:54,0
DA:55,0
DA:57,0
DA:58,0
DA:69,0
DA:72,0
DA:73,0
DA:74,0
DA:77,0
DA:78,0
DA:81,0
DA:82,0
DA:85,0
DA:88,0
DA:89,0
DA:92,0
DA:98,0
DA:99,0
DA:101,0
DA:102,0
DA:104,0
DA:110,0
DA:111,0
DA:112,0
DA:117,0
DA:118,0
DA:119,0
DA:123,0
DA:127,0
LF:34
LH:0
BRDA:46,1,0,0
BRDA:46,1,1,0
BRDA:47,2,0,0
BRDA:47,2,1,0
BRDA:48,3,0,0
BRDA:48,3,1,0
BRDA:66,4,0,0
BRDA:66,4,1,0
BRDA:67,5,0,0
BRDA:67,5,1,0
BRDA:69,6,0,0
BRDA:69,6,1,0
BRDA:72,7,0,0
BRDA:72,7,1,0
BRDA:77,8,0,0
BRDA:77,8,1,0
BRDA:88,9,0,0
BRDA:88,9,1,0
BRDA:98,10,0,0
BRDA:98,10,1,0
BRDA:101,11,0,0
BRDA:101,11,1,0
BRDA:109,12,0,0
BRDA:109,12,1,0
BRDA:110,13,0,0
BRDA:110,13,1,0
BRDA:115,14,0,0
BRDA:115,14,1,0
BRDA:117,15,0,0
BRDA:117,15,1,0
BRDA:122,16,0,0
BRDA:122,16,1,0
BRDA:126,17,0,0
BRDA:126,17,1,0
BRF:34
BRH:0
end_of_record
TN:
SF:/Users/ramki/Desktop/eit-final-v2/eit-crowdsale-tests/contracts/EITVestingVault.sol
FN:32,constructor
FN:43,createVestingSchedule
FN:60,changeBeneficiary
FN:72,transferMySchedule
FN:83,claim
FN:96,revoke
FN:113,_calculateVestedAmount
FNF:7
FNH:0
FNDA:0,constructor
FNDA:0,createVestingSchedule
FNDA:0,changeBeneficiary
FNDA:0,transferMySchedule
FNDA:0,claim
FNDA:0,revoke
FNDA:0,_calculateVestedAmount
DA:33,0
DA:44,0
DA:45,0
DA:47,0
DA:57,0
DA:61,0
DA:62,0
DA:63,0
DA:64,0
DA:66,0
DA:67,0
DA:69,0
DA:73,0
DA:74,0
DA:75,0
DA:77,0
DA:78,0
DA:80,0
DA:84,0
DA:85,0
DA:87,0
DA:88,0
DA:89,0
DA:91,0
DA:92,0
DA:93,0
DA:97,0
DA:98,0
DA:100,0
DA:101,0
DA:103,0
DA:104,0
DA:107,0
DA:108,0
DA:110,0
DA:114,0
DA:115,0
DA:116,0
DA:118,0
LF:39
LH:0
BRDA:43,1,0,0
BRDA:43,1,1,0
BRDA:44,2,0,0
BRDA:44,2,1,0
BRDA:45,3,0,0
BRDA:45,3,1,0
BRDA:60,4,0,0
BRDA:60,4,1,0
BRDA:61,5,0,0
BRDA:61,5,1,0
BRDA:62,6,0,0
BRDA:62,6,1,0
BRDA:63,7,0,0
BRDA:63,7,1,0
BRDA:64,8,0,0
BRDA:64,8,1,0
BRDA:72,9,0,0
BRDA:72,9,1,0
BRDA:73,10,0,0
BRDA:73,10,1,0
BRDA:74,11,0,0
BRDA:74,11,1,0
BRDA:75,12,0,0
BRDA:75,12,1,0
BRDA:83,13,0,0
BRDA:83,13,1,0
BRDA:85,14,0,0
BRDA:85,14,1,0
BRDA:89,15,0,0
BRDA:89,15,1,0
BRDA:96,16,0,0
BRDA:96,16,1,0
BRDA:98,17,0,0
BRDA:98,17,1,0
BRDA:103,18,0,0
BRDA:103,18,1,0
BRDA:115,19,0,0
BRDA:115,19,1,0
BRDA:116,20,0,0
BRDA:116,20,1,0
BRDA:116,21,0,0
BRDA:116,21,1,0
BRF:42
BRH:0
end_of_record
TN:
SF:/Users/ramki/Desktop/eit-final-v2/eit-crowdsale-tests/contracts/EnsureInsuredToken.sol
FN:24,constructor
FN:33,pause
FN:37,unpause
FN:42,_update
FNF:4
FNH:2
FNDA:234,constructor
FNDA:0,pause
FNDA:0,unpause
FNDA:488,_update
DA:26,234
DA:27,234
DA:30,234
DA:34,0
DA:38,0
DA:46,488
LF:6
LH:4
BRDA:33,1,0,0
BRDA:33,1,1,0
BRDA:37,2,0,0
BRDA:37,2,1,0
BRF:4
BRH:0
end_of_record
TN:
SF:/Users/ramki/Desktop/eit-final-v2/eit-crowdsale-tests/contracts/MockOracle.sol
FN:21,constructor
FN:31,decimals
FN:35,description
FN:39,version
FN:43,getRoundData
FN:48,latestRoundData
FNF:6
FNH:3
FNDA:226,constructor
FNDA:233,decimals
FNDA:0,description
FNDA:0,version
FNDA:0,getRoundData
FNDA:233,latestRoundData
DA:22,226
DA:23,226
DA:32,233
DA:36,0
DA:40,0
DA:45,0
DA:51,233
LF:7
LH:4
BRDA:23,1,0,226
BRDA:23,1,1,0
BRDA:24,2,0,226
BRDA:24,2,1,0
BRF:4
BRH:2
end_of_record
TN:
SF:/Users/ramki/Desktop/eit-final-v2/eit-crowdsale-tests/contracts/MockUSDT.sol
FN:14,constructor
FN:29,decimals
FN:34,faucet
FNF:3
FNH:1
FNDA:192,constructor
FNDA:0,decimals
FNDA:0,faucet
DA:18,192
DA:19,192
DA:25,192
DA:30,0
DA:35,0
LF:5
LH:3
BRDA:19,1,0,192
BRDA:19,1,1,0
BRDA:20,2,0,192
BRDA:20,2,1,0
BRF:4
BRH:2
end_of_record
